<?xml version="1.0" encoding="UTF-8"?>
<!-- Generated by org.testng.reporters.JUnitReportReporter -->
<testsuite hostname="del1-lhp-n82190" failures="0" tests="1" name="com.Automation.Test.AddUserTest" time="13.253" errors="0" timestamp="2022-08-16T14:20:40 IST" skipped="0">
  <testcase classname="com.Automation.Test.AddUserTest" name="VerifysuccessfulAddUser" time="13.253"/>
  <system-out/>
</testsuite> <!-- com.Automation.Test.AddUserTest -->
