<?xml version="1.0" encoding="UTF-8"?>
<!-- Generated by org.testng.reporters.JUnitReportReporter -->
<testsuite hostname="del1-lhp-n82190" failures="0" tests="1" name="com.Automation.Test.LoginTest" time="8.775" errors="0" timestamp="2022-08-17T09:45:40 IST" skipped="0">
  <testcase classname="com.Automation.Test.LoginTest" name="VerifysuccessfulLogin" time="8.775"/>
  <system-out/>
</testsuite> <!-- com.Automation.Test.LoginTest -->
